<?xml version="1.0" encoding="UTF-8"?>
<!-- Generated by org.testng.reporters.JUnitXMLReporter -->
<testsuite ignored="0" hostname="LAPTOP-ERNOHJQU" failures="0" tests="1" name="chromeTest" time="44.607" errors="0" timestamp="2021-08-06T13:57:43 IST">
  <testcase classname="test.StockTestNG" name="@BeforeMethod login" time="33.474">
    <failure type="org.apache.poi.EmptyFileException" message="The supplied file was empty (zero bytes long)">
      <![CDATA[org.apache.poi.EmptyFileException: The supplied file was empty (zero bytes long)
at org.apache.poi.ss.usermodel.WorkbookFactory.create(WorkbookFactory.java:193)
at org.apache.poi.ss.usermodel.WorkbookFactory.create(WorkbookFactory.java:163)
at util.UtilClass.getDataFromExcel(UtilClass.java:42)
at test.StockTestNG.login(StockTestNG.java:73)
at java.base/java.util.ArrayList.forEach(ArrayList.java:1541)
at java.base/java.util.concurrent.FutureTask.run(FutureTask.java:264)
at java.base/java.util.concurrent.ThreadPoolExecutor.runWorker(ThreadPoolExecutor.java:1128)
at java.base/java.util.concurrent.ThreadPoolExecutor$Worker.run(ThreadPoolExecutor.java:628)
at java.base/java.lang.Thread.run(Thread.java:834)
... Removed 22 stack frames]]>
    </failure>
  </testcase> <!-- @BeforeMethod login -->
  <testcase classname="test.StockTestNG" name="@AfterMethod logout" time="-1.62823846311E9">
    <skipped/>
  </testcase> <!-- @AfterMethod logout -->
  <testcase classname="test.StockTestNG" name="@AfterClass objectNull" time="-1.628238463161E9">
    <skipped/>
  </testcase> <!-- @AfterClass objectNull -->
  <testcase classname="test.StockTestNG" name="@AfterTest closeBrowser" time="-1.628238463172E9">
    <skipped/>
  </testcase> <!-- @AfterTest closeBrowser -->
  <testcase classname="test.StockTestNG" name="stockAddandRemove" time="0.0">
    <skipped/>
  </testcase> <!-- stockAddandRemove -->
</testsuite> <!-- chromeTest -->
