<?xml version="1.0" encoding="UTF-8"?>
<!-- Generated by org.testng.reporters.JUnitXMLReporter -->
<testsuite ignored="0" hostname="LAPTOP-ERNOHJQU" failures="1" tests="2" name="Test" time="36.284" errors="0" timestamp="2021-07-31T17:53:26 IST">
  <testcase classname="AutomationDemoSite.RegisterTestNG" name="test" time="11.877"/>
  <testcase classname="AutomationDemoSite.RegisterTestNG" name="testReg" time="2.048">
    <failure type="org.testng.internal.thread.ThreadTimeoutException" message="Method AutomationDemoSite.RegisterTestNG.testReg() didn&amp;apos;t finish within the time-out 2000">
      <![CDATA[org.testng.internal.thread.ThreadTimeoutException: Method AutomationDemoSite.RegisterTestNG.testReg() didn't finish within the time-out 2000
at java.base/java.util.ArrayList.forEach(ArrayList.java:1541)
... Removed 24 stack frames]]>
    </failure>
  </testcase> <!-- testReg -->
</testsuite> <!-- Test -->
